<?xml version="1.0" encoding="UTF-8"?>
<testsuite xmlns:xsi="http://www.w3.org/2001/XMLSchema-instance" xsi:noNamespaceSchemaLocation="https://maven.apache.org/surefire/maven-surefire-plugin/xsd/surefire-test-report-3.0.xsd" version="3.0" name="edu.co.unicauca.pagos.pagosapppropio.domain.PagoTransferenciaBancariaTest" time="0.363" tests="8" errors="0" skipped="0" failures="0">
  <properties>
    <property name="java.specification.version" value="23"/>
    <property name="sun.cpu.isalist" value="amd64"/>
    <property name="sun.jnu.encoding" value="Cp1252"/>
    <property name="java.class.path" value="C:\Users\lopez\OneDrive\Escritorio\Cosas\Uni\2025 -1\L. Software II\Semana 1\PagosAppPropio\target\test-classes;C:\Users\lopez\OneDrive\Escritorio\Cosas\Uni\2025 -1\L. Software II\Semana 1\PagosAppPropio\target\classes;C:\Users\lopez\.m2\repository\org\junit\jupiter\junit-jupiter-api\5.10.3\junit-jupiter-api-5.10.3.jar;C:\Users\lopez\.m2\repository\org\opentest4j\opentest4j\1.3.0\opentest4j-1.3.0.jar;C:\Users\lopez\.m2\repository\org\junit\platform\junit-platform-commons\1.10.3\junit-platform-commons-1.10.3.jar;C:\Users\lopez\.m2\repository\org\apiguardian\apiguardian-api\1.1.2\apiguardian-api-1.1.2.jar;C:\Users\lopez\.m2\repository\org\junit\jupiter\junit-jupiter-params\5.10.3\junit-jupiter-params-5.10.3.jar;C:\Users\lopez\.m2\repository\org\junit\jupiter\junit-jupiter-engine\5.10.3\junit-jupiter-engine-5.10.3.jar;C:\Users\lopez\.m2\repository\org\junit\platform\junit-platform-engine\1.10.3\junit-platform-engine-1.10.3.jar;"/>
    <property name="java.vm.vendor" value="Oracle Corporation"/>
    <property name="sun.arch.data.model" value="64"/>
    <property name="user.variant" value=""/>
    <property name="java.vendor.url" value="https://java.oracle.com/"/>
    <property name="user.timezone" value="America/Bogota"/>
    <property name="os.name" value="Windows 11"/>
    <property name="java.vm.specification.version" value="23"/>
    <property name="user.country" value="CO"/>
    <property name="sun.java.launcher" value="SUN_STANDARD"/>
    <property name="sun.boot.library.path" value="C:\Program Files\Java\jdk-23\bin"/>
    <property name="sun.java.command" value="C:\Users\lopez\AppData\Local\Temp\surefire12747099115869952795\surefirebooter-20250213174243635_3.jar C:\Users\lopez\AppData\Local\Temp\surefire12747099115869952795 2025-02-13T17-42-43_335-jvmRun1 surefire-20250213174243635_1tmp surefire_0-20250213174243635_2tmp"/>
    <property name="jdk.debug" value="release"/>
    <property name="test" value="edu.co.unicauca.pagos.pagosapppropio.domain.PagoTransferenciaBancariaTest"/>
    <property name="surefire.test.class.path" value="C:\Users\lopez\OneDrive\Escritorio\Cosas\Uni\2025 -1\L. Software II\Semana 1\PagosAppPropio\target\test-classes;C:\Users\lopez\OneDrive\Escritorio\Cosas\Uni\2025 -1\L. Software II\Semana 1\PagosAppPropio\target\classes;C:\Users\lopez\.m2\repository\org\junit\jupiter\junit-jupiter-api\5.10.3\junit-jupiter-api-5.10.3.jar;C:\Users\lopez\.m2\repository\org\opentest4j\opentest4j\1.3.0\opentest4j-1.3.0.jar;C:\Users\lopez\.m2\repository\org\junit\platform\junit-platform-commons\1.10.3\junit-platform-commons-1.10.3.jar;C:\Users\lopez\.m2\repository\org\apiguardian\apiguardian-api\1.1.2\apiguardian-api-1.1.2.jar;C:\Users\lopez\.m2\repository\org\junit\jupiter\junit-jupiter-params\5.10.3\junit-jupiter-params-5.10.3.jar;C:\Users\lopez\.m2\repository\org\junit\jupiter\junit-jupiter-engine\5.10.3\junit-jupiter-engine-5.10.3.jar;C:\Users\lopez\.m2\repository\org\junit\platform\junit-platform-engine\1.10.3\junit-platform-engine-1.10.3.jar;"/>
    <property name="sun.cpu.endian" value="little"/>
    <property name="user.home" value="C:\Users\lopez"/>
    <property name="user.language" value="es"/>
    <property name="java.specification.vendor" value="Oracle Corporation"/>
    <property name="java.version.date" value="2025-01-21"/>
    <property name="java.home" value="C:\Program Files\Java\jdk-23"/>
    <property name="file.separator" value="\"/>
    <property name="basedir" value="C:\Users\lopez\OneDrive\Escritorio\Cosas\Uni\2025 -1\L. Software II\Semana 1\PagosAppPropio"/>
    <property name="java.vm.compressedOopsMode" value="Zero based"/>
    <property name="line.separator" value="&#10;"/>
    <property name="java.vm.specification.vendor" value="Oracle Corporation"/>
    <property name="java.specification.name" value="Java Platform API Specification"/>
    <property name="surefire.real.class.path" value="C:\Users\lopez\AppData\Local\Temp\surefire12747099115869952795\surefirebooter-20250213174243635_3.jar"/>
    <property name="user.script" value=""/>
    <property name="sun.management.compiler" value="HotSpot 64-Bit Tiered Compilers"/>
    <property name="java.runtime.version" value="23.0.2+7-58"/>
    <property name="user.name" value="lopez"/>
    <property name="stdout.encoding" value="Cp1252"/>
    <property name="path.separator" value=";"/>
    <property name="os.version" value="10.0"/>
    <property name="java.runtime.name" value="Java(TM) SE Runtime Environment"/>
    <property name="file.encoding" value="UTF-8"/>
    <property name="java.vm.name" value="Java HotSpot(TM) 64-Bit Server VM"/>
    <property name="maven.ext.class.path" value="C:\Program Files\NetBeans-24\netbeans\java\maven-nblib\netbeans-eventspy.jar"/>
    <property name="localRepository" value="C:\Users\lopez\.m2\repository"/>
    <property name="java.vendor.url.bug" value="https://bugreport.java.com/bugreport/"/>
    <property name="java.io.tmpdir" value="C:\Users\lopez\AppData\Local\Temp\"/>
    <property name="java.version" value="23.0.2"/>
    <property name="user.dir" value="C:\Users\lopez\OneDrive\Escritorio\Cosas\Uni\2025 -1\L. Software II\Semana 1\PagosAppPropio"/>
    <property name="os.arch" value="amd64"/>
    <property name="java.vm.specification.name" value="Java Virtual Machine Specification"/>
    <property name="sun.os.patch.level" value=""/>
    <property name="native.encoding" value="Cp1252"/>
    <property name="java.library.path" value="C:\Program Files\Java\jdk-23\bin;C:\WINDOWS\Sun\Java\bin;C:\WINDOWS\system32;C:\WINDOWS;C:\Program Files\Common Files\Oracle\Java\javapath;C:\Program Files (x86)\Common Files\Oracle\Java\java8path;C:\Program Files (x86)\Common Files\Oracle\Java\javapath;C:\WINDOWS\system32;C:\WINDOWS;C:\WINDOWS\System32\Wbem;C:\WINDOWS\System32\WindowsPowerShell\v1.0\;C:\WINDOWS\System32\OpenSSH\;D:\Apps\Progra\Git\cmd;C:\Users\lopez\AppData\Local\Programs\Python\Python312\Scripts\;C:\Users\lopez\AppData\Local\Programs\Python\Python312\;C:\Users\lopez\AppData\Local\Microsoft\WindowsApps;D:\Apps\Progra\Microsoft VS Code\bin;C:\Program Files (x86)\Microsoft Visual Studio\2022\BuildTools\MSBuild\Current\Bin;;."/>
    <property name="java.vm.info" value="mixed mode, sharing"/>
    <property name="stderr.encoding" value="Cp1252"/>
    <property name="java.vendor" value="Oracle Corporation"/>
    <property name="java.vm.version" value="23.0.2+7-58"/>
    <property name="sun.io.unicode.encoding" value="UnicodeLittle"/>
    <property name="java.class.version" value="67.0"/>
    <property name="argLine" value="--enable-preview"/>
  </properties>
  <testcase name="testValidarFallido(String, double)[1]" classname="edu.co.unicauca.pagos.pagosapppropio.domain.PagoTransferenciaBancariaTest" time="0.111">
    <system-out><![CDATA[validar
]]></system-out>
  </testcase>
  <testcase name="testValidarFallido(String, double)[2]" classname="edu.co.unicauca.pagos.pagosapppropio.domain.PagoTransferenciaBancariaTest" time="0.004">
    <system-out><![CDATA[validar
]]></system-out>
  </testcase>
  <testcase name="testValidarFallido(String, double)[3]" classname="edu.co.unicauca.pagos.pagosapppropio.domain.PagoTransferenciaBancariaTest" time="0.004">
    <system-out><![CDATA[validar
]]></system-out>
  </testcase>
  <testcase name="testValidarFallido(String, double)[4]" classname="edu.co.unicauca.pagos.pagosapppropio.domain.PagoTransferenciaBancariaTest" time="0.003">
    <system-out><![CDATA[validar
]]></system-out>
  </testcase>
  <testcase name="testObtenerDetalleExitoso" classname="edu.co.unicauca.pagos.pagosapppropio.domain.PagoTransferenciaBancariaTest" time="0.035">
    <system-out><![CDATA[obtenerDetalle
]]></system-out>
  </testcase>
  <testcase name="testObtenerDetalleFallido" classname="edu.co.unicauca.pagos.pagosapppropio.domain.PagoTransferenciaBancariaTest" time="0.004">
    <system-out><![CDATA[obtenerDetalle
]]></system-out>
  </testcase>
  <testcase name="testValidarExitoso(String, double)[1]" classname="edu.co.unicauca.pagos.pagosapppropio.domain.PagoTransferenciaBancariaTest" time="0.003">
    <system-out><![CDATA[validar
]]></system-out>
  </testcase>
  <testcase name="testValidarExitoso(String, double)[2]" classname="edu.co.unicauca.pagos.pagosapppropio.domain.PagoTransferenciaBancariaTest" time="0.003">
    <system-out><![CDATA[validar
]]></system-out>
  </testcase>
</testsuite>